Arguments: 
  C:\Program Files\nodejs\node.exe C:\Program Files (x86)\Yarn\bin\yarn.js init

PATH: 
  C:\Users\berio\bin;C:\Users\berio\AppData\Local\Programs\Git\mingw64\bin;C:\Users\berio\AppData\Local\Programs\Git\usr\local\bin;C:\Users\berio\AppData\Local\Programs\Git\usr\bin;C:\Users\berio\AppData\Local\Programs\Git\usr\bin;C:\Users\berio\AppData\Local\Programs\Git\mingw64\bin;C:\Users\berio\AppData\Local\Programs\Git\usr\bin;C:\Users\berio\bin;C:\Python311\Scripts;C:\Python311;C:\Python310\Scripts;C:\Python310;C:\Windows\system32;C:\Windows;C:\Windows\System32\Wbem;C:\Windows\System32\WindowsPowerShell\v1.0;C:\Windows\System32\OpenSSH;C:\ProgramData\chocolatey\bin;C:\Program Files (x86)\Yarn\bin;C:\Program Files\nodejs;C:\Users\berio\AppData\Local\Microsoft\WindowsApps;C:\Users\berio\AppData\Local\Programs\Microsoft VS Code\bin;C:\Users\berio\AppData\Local\Programs\Git\cmd;C:\Users\berio\AppData\Roaming\npm;C:\Users\berio\AppData\Local\Programs\Git\usr\bin\vendor_perl;C:\Users\berio\AppData\Local\Programs\Git\usr\bin\core_perl

Yarn version: 
  1.22.15

Node version: 
  18.12.1

Platform: 
  win32 x64

Trace: 
  Error: canceled
      at Interface.<anonymous> (C:\Program Files (x86)\Yarn\lib\cli.js:137145:13)
      at Interface.emit (node:events:513:28)
      at [_ttyWrite] [as _ttyWrite] (node:internal/readline/interface:1124:18)
      at ReadStream.onkeypress (node:internal/readline/interface:273:20)
      at ReadStream.emit (node:events:513:28)
      at emitKeys (node:internal/readline/utils:357:14)
      at emitKeys.next (<anonymous>)
      at ReadStream.onData (node:internal/readline/emitKeypressEvents:64:36)
      at ReadStream.emit (node:events:513:28)
      at addChunk (node:internal/streams/readable:324:12)

npm manifest: 
  {
    "name": "tutorial-html-css-js",
    "private": true,
    "version": "0.0.0",
    "type": "module",
    "scripts": {
      "dev": "vite",
      "build": "vite build",
      "preview": "vite preview"
    },
    "dependencies": {
      "react": "^18.2.0",
      "react-dom": "^18.2.0"
    },
    "devDependencies": {
      "@types/react": "^18.0.27",
      "@types/react-dom": "^18.0.10",
      "@vitejs/plugin-react": "^3.1.0",
      "vite": "^4.1.0"
    }
  }

yarn manifest: 
  No manifest

Lockfile: 
  No lockfile
